<?xml version="1.0" encoding="UTF-8"?>
<testsuite xmlns:xsi="http://www.w3.org/2001/XMLSchema-instance" xsi:noNamespaceSchemaLocation="https://maven.apache.org/surefire/maven-surefire-plugin/xsd/surefire-test-report-3.0.xsd" version="3.0" name="com.equestria.criticalskills.criticalskills.CriticalSkillsApplicationTests" time="4.968" tests="1" errors="0" skipped="0" failures="0">
  <properties>
    <property name="java.specification.version" value="17"/>
    <property name="sun.cpu.isalist" value="amd64"/>
    <property name="sun.jnu.encoding" value="GBK"/>
    <property name="java.class.path" value="C:\Users\1\IdeaProjects\CriticalSkills\target\test-classes;C:\Users\1\IdeaProjects\CriticalSkills\target\classes;D:\Maven\mvn_repo\org\springframework\boot\spring-boot-starter-web\3.2.4\spring-boot-starter-web-3.2.4.jar;D:\Maven\mvn_repo\org\springframework\boot\spring-boot-starter\3.2.4\spring-boot-starter-3.2.4.jar;D:\Maven\mvn_repo\org\springframework\boot\spring-boot\3.2.4\spring-boot-3.2.4.jar;D:\Maven\mvn_repo\org\springframework\boot\spring-boot-starter-logging\3.2.4\spring-boot-starter-logging-3.2.4.jar;D:\Maven\mvn_repo\org\apache\logging\log4j\log4j-to-slf4j\2.21.1\log4j-to-slf4j-2.21.1.jar;D:\Maven\mvn_repo\org\apache\logging\log4j\log4j-api\2.21.1\log4j-api-2.21.1.jar;D:\Maven\mvn_repo\org\slf4j\jul-to-slf4j\2.0.12\jul-to-slf4j-2.0.12.jar;D:\Maven\mvn_repo\jakarta\annotation\jakarta.annotation-api\2.1.1\jakarta.annotation-api-2.1.1.jar;D:\Maven\mvn_repo\org\yaml\snakeyaml\2.2\snakeyaml-2.2.jar;D:\Maven\mvn_repo\org\springframework\boot\spring-boot-starter-json\3.2.4\spring-boot-starter-json-3.2.4.jar;D:\Maven\mvn_repo\com\fasterxml\jackson\datatype\jackson-datatype-jdk8\2.15.4\jackson-datatype-jdk8-2.15.4.jar;D:\Maven\mvn_repo\com\fasterxml\jackson\datatype\jackson-datatype-jsr310\2.15.4\jackson-datatype-jsr310-2.15.4.jar;D:\Maven\mvn_repo\com\fasterxml\jackson\module\jackson-module-parameter-names\2.15.4\jackson-module-parameter-names-2.15.4.jar;D:\Maven\mvn_repo\org\springframework\boot\spring-boot-starter-tomcat\3.2.4\spring-boot-starter-tomcat-3.2.4.jar;D:\Maven\mvn_repo\org\apache\tomcat\embed\tomcat-embed-core\10.1.19\tomcat-embed-core-10.1.19.jar;D:\Maven\mvn_repo\org\apache\tomcat\embed\tomcat-embed-el\10.1.19\tomcat-embed-el-10.1.19.jar;D:\Maven\mvn_repo\org\apache\tomcat\embed\tomcat-embed-websocket\10.1.19\tomcat-embed-websocket-10.1.19.jar;D:\Maven\mvn_repo\org\springframework\spring-web\6.1.5\spring-web-6.1.5.jar;D:\Maven\mvn_repo\org\springframework\spring-beans\6.1.5\spring-beans-6.1.5.jar;D:\Maven\mvn_repo\io\micrometer\micrometer-observation\1.12.4\micrometer-observation-1.12.4.jar;D:\Maven\mvn_repo\io\micrometer\micrometer-commons\1.12.4\micrometer-commons-1.12.4.jar;D:\Maven\mvn_repo\org\springframework\spring-webmvc\6.1.5\spring-webmvc-6.1.5.jar;D:\Maven\mvn_repo\org\springframework\spring-aop\6.1.5\spring-aop-6.1.5.jar;D:\Maven\mvn_repo\org\springframework\spring-context\6.1.5\spring-context-6.1.5.jar;D:\Maven\mvn_repo\org\springframework\spring-expression\6.1.5\spring-expression-6.1.5.jar;D:\Maven\mvn_repo\org\springframework\boot\spring-boot-starter-web-services\3.2.4\spring-boot-starter-web-services-3.2.4.jar;D:\Maven\mvn_repo\com\sun\xml\messaging\saaj\saaj-impl\3.0.3\saaj-impl-3.0.3.jar;D:\Maven\mvn_repo\jakarta\xml\soap\jakarta.xml.soap-api\3.0.1\jakarta.xml.soap-api-3.0.1.jar;D:\Maven\mvn_repo\org\jvnet\staxex\stax-ex\2.1.0\stax-ex-2.1.0.jar;D:\Maven\mvn_repo\jakarta\activation\jakarta.activation-api\2.1.3\jakarta.activation-api-2.1.3.jar;D:\Maven\mvn_repo\org\eclipse\angus\angus-activation\2.0.2\angus-activation-2.0.2.jar;D:\Maven\mvn_repo\jakarta\xml\ws\jakarta.xml.ws-api\4.0.1\jakarta.xml.ws-api-4.0.1.jar;D:\Maven\mvn_repo\org\springframework\spring-oxm\6.1.5\spring-oxm-6.1.5.jar;D:\Maven\mvn_repo\org\springframework\ws\spring-ws-core\4.0.10\spring-ws-core-4.0.10.jar;D:\Maven\mvn_repo\org\springframework\ws\spring-xml\4.0.10\spring-xml-4.0.10.jar;D:\Maven\mvn_repo\org\glassfish\jaxb\jaxb-runtime\4.0.5\jaxb-runtime-4.0.5.jar;D:\Maven\mvn_repo\org\glassfish\jaxb\jaxb-core\4.0.5\jaxb-core-4.0.5.jar;D:\Maven\mvn_repo\org\glassfish\jaxb\txw2\4.0.5\txw2-4.0.5.jar;D:\Maven\mvn_repo\com\sun\istack\istack-commons-runtime\4.1.2\istack-commons-runtime-4.1.2.jar;D:\Maven\mvn_repo\io\jsonwebtoken\jjwt-api\0.11.5\jjwt-api-0.11.5.jar;D:\Maven\mvn_repo\mysql\mysql-connector-java\8.0.30\mysql-connector-java-8.0.30.jar;D:\Maven\mvn_repo\com\google\protobuf\protobuf-java\3.19.4\protobuf-java-3.19.4.jar;D:\Maven\mvn_repo\io\jsonwebtoken\jjwt-impl\0.11.5\jjwt-impl-0.11.5.jar;D:\Maven\mvn_repo\com\alibaba\fastjson\1.2.76\fastjson-1.2.76.jar;D:\Maven\mvn_repo\io\jsonwebtoken\jjwt-jackson\0.11.5\jjwt-jackson-0.11.5.jar;D:\Maven\mvn_repo\com\fasterxml\jackson\core\jackson-databind\2.15.4\jackson-databind-2.15.4.jar;D:\Maven\mvn_repo\com\fasterxml\jackson\core\jackson-annotations\2.15.4\jackson-annotations-2.15.4.jar;D:\Maven\mvn_repo\com\fasterxml\jackson\core\jackson-core\2.15.4\jackson-core-2.15.4.jar;D:\Maven\mvn_repo\org\projectlombok\lombok\1.18.30\lombok-1.18.30.jar;D:\Maven\mvn_repo\ch\qos\logback\logback-classic\1.4.14\logback-classic-1.4.14.jar;D:\Maven\mvn_repo\ch\qos\logback\logback-core\1.4.14\logback-core-1.4.14.jar;D:\Maven\mvn_repo\org\slf4j\slf4j-api\2.0.12\slf4j-api-2.0.12.jar;D:\Maven\mvn_repo\org\springframework\boot\spring-boot-starter-test\3.2.4\spring-boot-starter-test-3.2.4.jar;D:\Maven\mvn_repo\org\springframework\boot\spring-boot-test\3.2.4\spring-boot-test-3.2.4.jar;D:\Maven\mvn_repo\org\springframework\boot\spring-boot-test-autoconfigure\3.2.4\spring-boot-test-autoconfigure-3.2.4.jar;D:\Maven\mvn_repo\com\jayway\jsonpath\json-path\2.9.0\json-path-2.9.0.jar;D:\Maven\mvn_repo\jakarta\xml\bind\jakarta.xml.bind-api\4.0.2\jakarta.xml.bind-api-4.0.2.jar;D:\Maven\mvn_repo\net\minidev\json-smart\2.5.0\json-smart-2.5.0.jar;D:\Maven\mvn_repo\net\minidev\accessors-smart\2.5.0\accessors-smart-2.5.0.jar;D:\Maven\mvn_repo\org\ow2\asm\asm\9.3\asm-9.3.jar;D:\Maven\mvn_repo\org\assertj\assertj-core\3.24.2\assertj-core-3.24.2.jar;D:\Maven\mvn_repo\net\bytebuddy\byte-buddy\1.14.12\byte-buddy-1.14.12.jar;D:\Maven\mvn_repo\org\awaitility\awaitility\4.2.0\awaitility-4.2.0.jar;D:\Maven\mvn_repo\org\hamcrest\hamcrest\2.2\hamcrest-2.2.jar;D:\Maven\mvn_repo\org\junit\jupiter\junit-jupiter\5.10.2\junit-jupiter-5.10.2.jar;D:\Maven\mvn_repo\org\junit\jupiter\junit-jupiter-api\5.10.2\junit-jupiter-api-5.10.2.jar;D:\Maven\mvn_repo\org\opentest4j\opentest4j\1.3.0\opentest4j-1.3.0.jar;D:\Maven\mvn_repo\org\junit\platform\junit-platform-commons\1.10.2\junit-platform-commons-1.10.2.jar;D:\Maven\mvn_repo\org\apiguardian\apiguardian-api\1.1.2\apiguardian-api-1.1.2.jar;D:\Maven\mvn_repo\org\junit\jupiter\junit-jupiter-params\5.10.2\junit-jupiter-params-5.10.2.jar;D:\Maven\mvn_repo\org\junit\jupiter\junit-jupiter-engine\5.10.2\junit-jupiter-engine-5.10.2.jar;D:\Maven\mvn_repo\org\junit\platform\junit-platform-engine\1.10.2\junit-platform-engine-1.10.2.jar;D:\Maven\mvn_repo\org\mockito\mockito-core\5.7.0\mockito-core-5.7.0.jar;D:\Maven\mvn_repo\net\bytebuddy\byte-buddy-agent\1.14.12\byte-buddy-agent-1.14.12.jar;D:\Maven\mvn_repo\org\objenesis\objenesis\3.3\objenesis-3.3.jar;D:\Maven\mvn_repo\org\mockito\mockito-junit-jupiter\5.7.0\mockito-junit-jupiter-5.7.0.jar;D:\Maven\mvn_repo\org\skyscreamer\jsonassert\1.5.1\jsonassert-1.5.1.jar;D:\Maven\mvn_repo\com\vaadin\external\google\android-json\0.0.20131108.vaadin1\android-json-0.0.20131108.vaadin1.jar;D:\Maven\mvn_repo\org\springframework\spring-core\6.1.5\spring-core-6.1.5.jar;D:\Maven\mvn_repo\org\springframework\spring-jcl\6.1.5\spring-jcl-6.1.5.jar;D:\Maven\mvn_repo\org\springframework\spring-test\6.1.5\spring-test-6.1.5.jar;D:\Maven\mvn_repo\org\xmlunit\xmlunit-core\2.9.1\xmlunit-core-2.9.1.jar;D:\Maven\mvn_repo\org\springframework\boot\spring-boot-starter-websocket\3.2.4\spring-boot-starter-websocket-3.2.4.jar;D:\Maven\mvn_repo\org\springframework\spring-messaging\6.1.5\spring-messaging-6.1.5.jar;D:\Maven\mvn_repo\org\springframework\spring-websocket\6.1.5\spring-websocket-6.1.5.jar;D:\Maven\mvn_repo\org\mybatis\spring\boot\mybatis-spring-boot-starter\3.0.3\mybatis-spring-boot-starter-3.0.3.jar;D:\Maven\mvn_repo\org\springframework\boot\spring-boot-starter-jdbc\3.2.4\spring-boot-starter-jdbc-3.2.4.jar;D:\Maven\mvn_repo\com\zaxxer\HikariCP\5.0.1\HikariCP-5.0.1.jar;D:\Maven\mvn_repo\org\springframework\spring-jdbc\6.1.5\spring-jdbc-6.1.5.jar;D:\Maven\mvn_repo\org\mybatis\spring\boot\mybatis-spring-boot-autoconfigure\3.0.3\mybatis-spring-boot-autoconfigure-3.0.3.jar;D:\Maven\mvn_repo\org\mybatis\mybatis\3.5.14\mybatis-3.5.14.jar;D:\Maven\mvn_repo\org\mybatis\mybatis-spring\3.0.3\mybatis-spring-3.0.3.jar;D:\Maven\mvn_repo\org\mybatis\spring\boot\mybatis-spring-boot-starter-test\3.0.3\mybatis-spring-boot-starter-test-3.0.3.jar;D:\Maven\mvn_repo\org\mybatis\spring\boot\mybatis-spring-boot-test-autoconfigure\3.0.3\mybatis-spring-boot-test-autoconfigure-3.0.3.jar;D:\Maven\mvn_repo\org\springframework\spring-tx\6.1.5\spring-tx-6.1.5.jar;D:\Maven\mvn_repo\cn\hutool\hutool-all\5.8.11\hutool-all-5.8.11.jar;D:\Maven\mvn_repo\org\springframework\boot\spring-boot-starter-mail\3.2.4\spring-boot-starter-mail-3.2.4.jar;D:\Maven\mvn_repo\org\springframework\spring-context-support\6.1.5\spring-context-support-6.1.5.jar;D:\Maven\mvn_repo\org\eclipse\angus\jakarta.mail\2.0.3\jakarta.mail-2.0.3.jar;D:\Maven\mvn_repo\org\springframework\boot\spring-boot-starter-data-redis\3.2.4\spring-boot-starter-data-redis-3.2.4.jar;D:\Maven\mvn_repo\io\lettuce\lettuce-core\6.3.2.RELEASE\lettuce-core-6.3.2.RELEASE.jar;D:\Maven\mvn_repo\io\netty\netty-common\4.1.107.Final\netty-common-4.1.107.Final.jar;D:\Maven\mvn_repo\io\netty\netty-handler\4.1.107.Final\netty-handler-4.1.107.Final.jar;D:\Maven\mvn_repo\io\netty\netty-resolver\4.1.107.Final\netty-resolver-4.1.107.Final.jar;D:\Maven\mvn_repo\io\netty\netty-buffer\4.1.107.Final\netty-buffer-4.1.107.Final.jar;D:\Maven\mvn_repo\io\netty\netty-transport-native-unix-common\4.1.107.Final\netty-transport-native-unix-common-4.1.107.Final.jar;D:\Maven\mvn_repo\io\netty\netty-codec\4.1.107.Final\netty-codec-4.1.107.Final.jar;D:\Maven\mvn_repo\io\netty\netty-transport\4.1.107.Final\netty-transport-4.1.107.Final.jar;D:\Maven\mvn_repo\io\projectreactor\reactor-core\3.6.4\reactor-core-3.6.4.jar;D:\Maven\mvn_repo\org\reactivestreams\reactive-streams\1.0.4\reactive-streams-1.0.4.jar;D:\Maven\mvn_repo\org\springframework\data\spring-data-redis\3.2.4\spring-data-redis-3.2.4.jar;D:\Maven\mvn_repo\org\springframework\data\spring-data-keyvalue\3.2.4\spring-data-keyvalue-3.2.4.jar;D:\Maven\mvn_repo\org\springframework\data\spring-data-commons\3.2.4\spring-data-commons-3.2.4.jar;D:\Maven\mvn_repo\com\aliyun\oss\aliyun-sdk-oss\3.15.1\aliyun-sdk-oss-3.15.1.jar;D:\Maven\mvn_repo\org\apache\httpcomponents\httpclient\4.4.1\httpclient-4.4.1.jar;D:\Maven\mvn_repo\org\apache\httpcomponents\httpcore\4.4.16\httpcore-4.4.16.jar;D:\Maven\mvn_repo\commons-logging\commons-logging\1.2\commons-logging-1.2.jar;D:\Maven\mvn_repo\commons-codec\commons-codec\1.16.1\commons-codec-1.16.1.jar;D:\Maven\mvn_repo\org\jdom\jdom2\2.0.6.1\jdom2-2.0.6.1.jar;D:\Maven\mvn_repo\org\codehaus\jettison\jettison\1.1\jettison-1.1.jar;D:\Maven\mvn_repo\stax\stax-api\1.0.1\stax-api-1.0.1.jar;D:\Maven\mvn_repo\com\aliyun\aliyun-java-sdk-core\4.5.10\aliyun-java-sdk-core-4.5.10.jar;D:\Maven\mvn_repo\com\google\code\gson\gson\2.10.1\gson-2.10.1.jar;D:\Maven\mvn_repo\javax\xml\bind\jaxb-api\2.3.1\jaxb-api-2.3.1.jar;D:\Maven\mvn_repo\javax\activation\javax.activation-api\1.2.0\javax.activation-api-1.2.0.jar;D:\Maven\mvn_repo\org\jacoco\org.jacoco.agent\0.8.5\org.jacoco.agent-0.8.5-runtime.jar;D:\Maven\mvn_repo\org\ini4j\ini4j\0.5.4\ini4j-0.5.4.jar;D:\Maven\mvn_repo\io\opentracing\opentracing-api\0.33.0\opentracing-api-0.33.0.jar;D:\Maven\mvn_repo\io\opentracing\opentracing-util\0.33.0\opentracing-util-0.33.0.jar;D:\Maven\mvn_repo\io\opentracing\opentracing-noop\0.33.0\opentracing-noop-0.33.0.jar;D:\Maven\mvn_repo\com\aliyun\aliyun-java-sdk-ram\3.1.0\aliyun-java-sdk-ram-3.1.0.jar;D:\Maven\mvn_repo\com\aliyun\aliyun-java-sdk-kms\2.11.0\aliyun-java-sdk-kms-2.11.0.jar;D:\Maven\mvn_repo\com\baomidou\mybatis-plus-boot-starter\3.5.1\mybatis-plus-boot-starter-3.5.1.jar;D:\Maven\mvn_repo\com\baomidou\mybatis-plus\3.5.1\mybatis-plus-3.5.1.jar;D:\Maven\mvn_repo\com\baomidou\mybatis-plus-extension\3.5.1\mybatis-plus-extension-3.5.1.jar;D:\Maven\mvn_repo\com\baomidou\mybatis-plus-core\3.5.1\mybatis-plus-core-3.5.1.jar;D:\Maven\mvn_repo\com\baomidou\mybatis-plus-annotation\3.5.1\mybatis-plus-annotation-3.5.1.jar;D:\Maven\mvn_repo\org\springframework\boot\spring-boot-autoconfigure\3.2.4\spring-boot-autoconfigure-3.2.4.jar;D:\Maven\mvn_repo\com\github\pagehelper\pagehelper-spring-boot-starter\1.4.6\pagehelper-spring-boot-starter-1.4.6.jar;D:\Maven\mvn_repo\com\github\pagehelper\pagehelper-spring-boot-autoconfigure\1.4.6\pagehelper-spring-boot-autoconfigure-1.4.6.jar;D:\Maven\mvn_repo\com\github\pagehelper\pagehelper\5.3.2\pagehelper-5.3.2.jar;D:\Maven\mvn_repo\com\github\jsqlparser\jsqlparser\4.5\jsqlparser-4.5.jar;"/>
    <property name="java.vm.vendor" value="Amazon.com Inc."/>
    <property name="sun.arch.data.model" value="64"/>
    <property name="user.variant" value=""/>
    <property name="java.vendor.url" value="https://aws.amazon.com/corretto/"/>
    <property name="user.timezone" value="Asia/Shanghai"/>
    <property name="os.name" value="Windows 11"/>
    <property name="java.vm.specification.version" value="17"/>
    <property name="sun.java.launcher" value="SUN_STANDARD"/>
    <property name="user.country" value="CN"/>
    <property name="sun.boot.library.path" value="C:\Program Files\Amazon Corretto\jdk17.0.10_7\bin"/>
    <property name="sun.java.command" value="C:\Users\1\AppData\Local\Temp\surefire4105787578924997741\surefirebooter-20240507173438736_3.jar C:\Users\1\AppData\Local\Temp\surefire4105787578924997741 2024-05-07T17-34-38_498-jvmRun1 surefire-20240507173438736_1tmp surefire_0-20240507173438736_2tmp"/>
    <property name="jdk.debug" value="release"/>
    <property name="surefire.test.class.path" value="C:\Users\1\IdeaProjects\CriticalSkills\target\test-classes;C:\Users\1\IdeaProjects\CriticalSkills\target\classes;D:\Maven\mvn_repo\org\springframework\boot\spring-boot-starter-web\3.2.4\spring-boot-starter-web-3.2.4.jar;D:\Maven\mvn_repo\org\springframework\boot\spring-boot-starter\3.2.4\spring-boot-starter-3.2.4.jar;D:\Maven\mvn_repo\org\springframework\boot\spring-boot\3.2.4\spring-boot-3.2.4.jar;D:\Maven\mvn_repo\org\springframework\boot\spring-boot-starter-logging\3.2.4\spring-boot-starter-logging-3.2.4.jar;D:\Maven\mvn_repo\org\apache\logging\log4j\log4j-to-slf4j\2.21.1\log4j-to-slf4j-2.21.1.jar;D:\Maven\mvn_repo\org\apache\logging\log4j\log4j-api\2.21.1\log4j-api-2.21.1.jar;D:\Maven\mvn_repo\org\slf4j\jul-to-slf4j\2.0.12\jul-to-slf4j-2.0.12.jar;D:\Maven\mvn_repo\jakarta\annotation\jakarta.annotation-api\2.1.1\jakarta.annotation-api-2.1.1.jar;D:\Maven\mvn_repo\org\yaml\snakeyaml\2.2\snakeyaml-2.2.jar;D:\Maven\mvn_repo\org\springframework\boot\spring-boot-starter-json\3.2.4\spring-boot-starter-json-3.2.4.jar;D:\Maven\mvn_repo\com\fasterxml\jackson\datatype\jackson-datatype-jdk8\2.15.4\jackson-datatype-jdk8-2.15.4.jar;D:\Maven\mvn_repo\com\fasterxml\jackson\datatype\jackson-datatype-jsr310\2.15.4\jackson-datatype-jsr310-2.15.4.jar;D:\Maven\mvn_repo\com\fasterxml\jackson\module\jackson-module-parameter-names\2.15.4\jackson-module-parameter-names-2.15.4.jar;D:\Maven\mvn_repo\org\springframework\boot\spring-boot-starter-tomcat\3.2.4\spring-boot-starter-tomcat-3.2.4.jar;D:\Maven\mvn_repo\org\apache\tomcat\embed\tomcat-embed-core\10.1.19\tomcat-embed-core-10.1.19.jar;D:\Maven\mvn_repo\org\apache\tomcat\embed\tomcat-embed-el\10.1.19\tomcat-embed-el-10.1.19.jar;D:\Maven\mvn_repo\org\apache\tomcat\embed\tomcat-embed-websocket\10.1.19\tomcat-embed-websocket-10.1.19.jar;D:\Maven\mvn_repo\org\springframework\spring-web\6.1.5\spring-web-6.1.5.jar;D:\Maven\mvn_repo\org\springframework\spring-beans\6.1.5\spring-beans-6.1.5.jar;D:\Maven\mvn_repo\io\micrometer\micrometer-observation\1.12.4\micrometer-observation-1.12.4.jar;D:\Maven\mvn_repo\io\micrometer\micrometer-commons\1.12.4\micrometer-commons-1.12.4.jar;D:\Maven\mvn_repo\org\springframework\spring-webmvc\6.1.5\spring-webmvc-6.1.5.jar;D:\Maven\mvn_repo\org\springframework\spring-aop\6.1.5\spring-aop-6.1.5.jar;D:\Maven\mvn_repo\org\springframework\spring-context\6.1.5\spring-context-6.1.5.jar;D:\Maven\mvn_repo\org\springframework\spring-expression\6.1.5\spring-expression-6.1.5.jar;D:\Maven\mvn_repo\org\springframework\boot\spring-boot-starter-web-services\3.2.4\spring-boot-starter-web-services-3.2.4.jar;D:\Maven\mvn_repo\com\sun\xml\messaging\saaj\saaj-impl\3.0.3\saaj-impl-3.0.3.jar;D:\Maven\mvn_repo\jakarta\xml\soap\jakarta.xml.soap-api\3.0.1\jakarta.xml.soap-api-3.0.1.jar;D:\Maven\mvn_repo\org\jvnet\staxex\stax-ex\2.1.0\stax-ex-2.1.0.jar;D:\Maven\mvn_repo\jakarta\activation\jakarta.activation-api\2.1.3\jakarta.activation-api-2.1.3.jar;D:\Maven\mvn_repo\org\eclipse\angus\angus-activation\2.0.2\angus-activation-2.0.2.jar;D:\Maven\mvn_repo\jakarta\xml\ws\jakarta.xml.ws-api\4.0.1\jakarta.xml.ws-api-4.0.1.jar;D:\Maven\mvn_repo\org\springframework\spring-oxm\6.1.5\spring-oxm-6.1.5.jar;D:\Maven\mvn_repo\org\springframework\ws\spring-ws-core\4.0.10\spring-ws-core-4.0.10.jar;D:\Maven\mvn_repo\org\springframework\ws\spring-xml\4.0.10\spring-xml-4.0.10.jar;D:\Maven\mvn_repo\org\glassfish\jaxb\jaxb-runtime\4.0.5\jaxb-runtime-4.0.5.jar;D:\Maven\mvn_repo\org\glassfish\jaxb\jaxb-core\4.0.5\jaxb-core-4.0.5.jar;D:\Maven\mvn_repo\org\glassfish\jaxb\txw2\4.0.5\txw2-4.0.5.jar;D:\Maven\mvn_repo\com\sun\istack\istack-commons-runtime\4.1.2\istack-commons-runtime-4.1.2.jar;D:\Maven\mvn_repo\io\jsonwebtoken\jjwt-api\0.11.5\jjwt-api-0.11.5.jar;D:\Maven\mvn_repo\mysql\mysql-connector-java\8.0.30\mysql-connector-java-8.0.30.jar;D:\Maven\mvn_repo\com\google\protobuf\protobuf-java\3.19.4\protobuf-java-3.19.4.jar;D:\Maven\mvn_repo\io\jsonwebtoken\jjwt-impl\0.11.5\jjwt-impl-0.11.5.jar;D:\Maven\mvn_repo\com\alibaba\fastjson\1.2.76\fastjson-1.2.76.jar;D:\Maven\mvn_repo\io\jsonwebtoken\jjwt-jackson\0.11.5\jjwt-jackson-0.11.5.jar;D:\Maven\mvn_repo\com\fasterxml\jackson\core\jackson-databind\2.15.4\jackson-databind-2.15.4.jar;D:\Maven\mvn_repo\com\fasterxml\jackson\core\jackson-annotations\2.15.4\jackson-annotations-2.15.4.jar;D:\Maven\mvn_repo\com\fasterxml\jackson\core\jackson-core\2.15.4\jackson-core-2.15.4.jar;D:\Maven\mvn_repo\org\projectlombok\lombok\1.18.30\lombok-1.18.30.jar;D:\Maven\mvn_repo\ch\qos\logback\logback-classic\1.4.14\logback-classic-1.4.14.jar;D:\Maven\mvn_repo\ch\qos\logback\logback-core\1.4.14\logback-core-1.4.14.jar;D:\Maven\mvn_repo\org\slf4j\slf4j-api\2.0.12\slf4j-api-2.0.12.jar;D:\Maven\mvn_repo\org\springframework\boot\spring-boot-starter-test\3.2.4\spring-boot-starter-test-3.2.4.jar;D:\Maven\mvn_repo\org\springframework\boot\spring-boot-test\3.2.4\spring-boot-test-3.2.4.jar;D:\Maven\mvn_repo\org\springframework\boot\spring-boot-test-autoconfigure\3.2.4\spring-boot-test-autoconfigure-3.2.4.jar;D:\Maven\mvn_repo\com\jayway\jsonpath\json-path\2.9.0\json-path-2.9.0.jar;D:\Maven\mvn_repo\jakarta\xml\bind\jakarta.xml.bind-api\4.0.2\jakarta.xml.bind-api-4.0.2.jar;D:\Maven\mvn_repo\net\minidev\json-smart\2.5.0\json-smart-2.5.0.jar;D:\Maven\mvn_repo\net\minidev\accessors-smart\2.5.0\accessors-smart-2.5.0.jar;D:\Maven\mvn_repo\org\ow2\asm\asm\9.3\asm-9.3.jar;D:\Maven\mvn_repo\org\assertj\assertj-core\3.24.2\assertj-core-3.24.2.jar;D:\Maven\mvn_repo\net\bytebuddy\byte-buddy\1.14.12\byte-buddy-1.14.12.jar;D:\Maven\mvn_repo\org\awaitility\awaitility\4.2.0\awaitility-4.2.0.jar;D:\Maven\mvn_repo\org\hamcrest\hamcrest\2.2\hamcrest-2.2.jar;D:\Maven\mvn_repo\org\junit\jupiter\junit-jupiter\5.10.2\junit-jupiter-5.10.2.jar;D:\Maven\mvn_repo\org\junit\jupiter\junit-jupiter-api\5.10.2\junit-jupiter-api-5.10.2.jar;D:\Maven\mvn_repo\org\opentest4j\opentest4j\1.3.0\opentest4j-1.3.0.jar;D:\Maven\mvn_repo\org\junit\platform\junit-platform-commons\1.10.2\junit-platform-commons-1.10.2.jar;D:\Maven\mvn_repo\org\apiguardian\apiguardian-api\1.1.2\apiguardian-api-1.1.2.jar;D:\Maven\mvn_repo\org\junit\jupiter\junit-jupiter-params\5.10.2\junit-jupiter-params-5.10.2.jar;D:\Maven\mvn_repo\org\junit\jupiter\junit-jupiter-engine\5.10.2\junit-jupiter-engine-5.10.2.jar;D:\Maven\mvn_repo\org\junit\platform\junit-platform-engine\1.10.2\junit-platform-engine-1.10.2.jar;D:\Maven\mvn_repo\org\mockito\mockito-core\5.7.0\mockito-core-5.7.0.jar;D:\Maven\mvn_repo\net\bytebuddy\byte-buddy-agent\1.14.12\byte-buddy-agent-1.14.12.jar;D:\Maven\mvn_repo\org\objenesis\objenesis\3.3\objenesis-3.3.jar;D:\Maven\mvn_repo\org\mockito\mockito-junit-jupiter\5.7.0\mockito-junit-jupiter-5.7.0.jar;D:\Maven\mvn_repo\org\skyscreamer\jsonassert\1.5.1\jsonassert-1.5.1.jar;D:\Maven\mvn_repo\com\vaadin\external\google\android-json\0.0.20131108.vaadin1\android-json-0.0.20131108.vaadin1.jar;D:\Maven\mvn_repo\org\springframework\spring-core\6.1.5\spring-core-6.1.5.jar;D:\Maven\mvn_repo\org\springframework\spring-jcl\6.1.5\spring-jcl-6.1.5.jar;D:\Maven\mvn_repo\org\springframework\spring-test\6.1.5\spring-test-6.1.5.jar;D:\Maven\mvn_repo\org\xmlunit\xmlunit-core\2.9.1\xmlunit-core-2.9.1.jar;D:\Maven\mvn_repo\org\springframework\boot\spring-boot-starter-websocket\3.2.4\spring-boot-starter-websocket-3.2.4.jar;D:\Maven\mvn_repo\org\springframework\spring-messaging\6.1.5\spring-messaging-6.1.5.jar;D:\Maven\mvn_repo\org\springframework\spring-websocket\6.1.5\spring-websocket-6.1.5.jar;D:\Maven\mvn_repo\org\mybatis\spring\boot\mybatis-spring-boot-starter\3.0.3\mybatis-spring-boot-starter-3.0.3.jar;D:\Maven\mvn_repo\org\springframework\boot\spring-boot-starter-jdbc\3.2.4\spring-boot-starter-jdbc-3.2.4.jar;D:\Maven\mvn_repo\com\zaxxer\HikariCP\5.0.1\HikariCP-5.0.1.jar;D:\Maven\mvn_repo\org\springframework\spring-jdbc\6.1.5\spring-jdbc-6.1.5.jar;D:\Maven\mvn_repo\org\mybatis\spring\boot\mybatis-spring-boot-autoconfigure\3.0.3\mybatis-spring-boot-autoconfigure-3.0.3.jar;D:\Maven\mvn_repo\org\mybatis\mybatis\3.5.14\mybatis-3.5.14.jar;D:\Maven\mvn_repo\org\mybatis\mybatis-spring\3.0.3\mybatis-spring-3.0.3.jar;D:\Maven\mvn_repo\org\mybatis\spring\boot\mybatis-spring-boot-starter-test\3.0.3\mybatis-spring-boot-starter-test-3.0.3.jar;D:\Maven\mvn_repo\org\mybatis\spring\boot\mybatis-spring-boot-test-autoconfigure\3.0.3\mybatis-spring-boot-test-autoconfigure-3.0.3.jar;D:\Maven\mvn_repo\org\springframework\spring-tx\6.1.5\spring-tx-6.1.5.jar;D:\Maven\mvn_repo\cn\hutool\hutool-all\5.8.11\hutool-all-5.8.11.jar;D:\Maven\mvn_repo\org\springframework\boot\spring-boot-starter-mail\3.2.4\spring-boot-starter-mail-3.2.4.jar;D:\Maven\mvn_repo\org\springframework\spring-context-support\6.1.5\spring-context-support-6.1.5.jar;D:\Maven\mvn_repo\org\eclipse\angus\jakarta.mail\2.0.3\jakarta.mail-2.0.3.jar;D:\Maven\mvn_repo\org\springframework\boot\spring-boot-starter-data-redis\3.2.4\spring-boot-starter-data-redis-3.2.4.jar;D:\Maven\mvn_repo\io\lettuce\lettuce-core\6.3.2.RELEASE\lettuce-core-6.3.2.RELEASE.jar;D:\Maven\mvn_repo\io\netty\netty-common\4.1.107.Final\netty-common-4.1.107.Final.jar;D:\Maven\mvn_repo\io\netty\netty-handler\4.1.107.Final\netty-handler-4.1.107.Final.jar;D:\Maven\mvn_repo\io\netty\netty-resolver\4.1.107.Final\netty-resolver-4.1.107.Final.jar;D:\Maven\mvn_repo\io\netty\netty-buffer\4.1.107.Final\netty-buffer-4.1.107.Final.jar;D:\Maven\mvn_repo\io\netty\netty-transport-native-unix-common\4.1.107.Final\netty-transport-native-unix-common-4.1.107.Final.jar;D:\Maven\mvn_repo\io\netty\netty-codec\4.1.107.Final\netty-codec-4.1.107.Final.jar;D:\Maven\mvn_repo\io\netty\netty-transport\4.1.107.Final\netty-transport-4.1.107.Final.jar;D:\Maven\mvn_repo\io\projectreactor\reactor-core\3.6.4\reactor-core-3.6.4.jar;D:\Maven\mvn_repo\org\reactivestreams\reactive-streams\1.0.4\reactive-streams-1.0.4.jar;D:\Maven\mvn_repo\org\springframework\data\spring-data-redis\3.2.4\spring-data-redis-3.2.4.jar;D:\Maven\mvn_repo\org\springframework\data\spring-data-keyvalue\3.2.4\spring-data-keyvalue-3.2.4.jar;D:\Maven\mvn_repo\org\springframework\data\spring-data-commons\3.2.4\spring-data-commons-3.2.4.jar;D:\Maven\mvn_repo\com\aliyun\oss\aliyun-sdk-oss\3.15.1\aliyun-sdk-oss-3.15.1.jar;D:\Maven\mvn_repo\org\apache\httpcomponents\httpclient\4.4.1\httpclient-4.4.1.jar;D:\Maven\mvn_repo\org\apache\httpcomponents\httpcore\4.4.16\httpcore-4.4.16.jar;D:\Maven\mvn_repo\commons-logging\commons-logging\1.2\commons-logging-1.2.jar;D:\Maven\mvn_repo\commons-codec\commons-codec\1.16.1\commons-codec-1.16.1.jar;D:\Maven\mvn_repo\org\jdom\jdom2\2.0.6.1\jdom2-2.0.6.1.jar;D:\Maven\mvn_repo\org\codehaus\jettison\jettison\1.1\jettison-1.1.jar;D:\Maven\mvn_repo\stax\stax-api\1.0.1\stax-api-1.0.1.jar;D:\Maven\mvn_repo\com\aliyun\aliyun-java-sdk-core\4.5.10\aliyun-java-sdk-core-4.5.10.jar;D:\Maven\mvn_repo\com\google\code\gson\gson\2.10.1\gson-2.10.1.jar;D:\Maven\mvn_repo\javax\xml\bind\jaxb-api\2.3.1\jaxb-api-2.3.1.jar;D:\Maven\mvn_repo\javax\activation\javax.activation-api\1.2.0\javax.activation-api-1.2.0.jar;D:\Maven\mvn_repo\org\jacoco\org.jacoco.agent\0.8.5\org.jacoco.agent-0.8.5-runtime.jar;D:\Maven\mvn_repo\org\ini4j\ini4j\0.5.4\ini4j-0.5.4.jar;D:\Maven\mvn_repo\io\opentracing\opentracing-api\0.33.0\opentracing-api-0.33.0.jar;D:\Maven\mvn_repo\io\opentracing\opentracing-util\0.33.0\opentracing-util-0.33.0.jar;D:\Maven\mvn_repo\io\opentracing\opentracing-noop\0.33.0\opentracing-noop-0.33.0.jar;D:\Maven\mvn_repo\com\aliyun\aliyun-java-sdk-ram\3.1.0\aliyun-java-sdk-ram-3.1.0.jar;D:\Maven\mvn_repo\com\aliyun\aliyun-java-sdk-kms\2.11.0\aliyun-java-sdk-kms-2.11.0.jar;D:\Maven\mvn_repo\com\baomidou\mybatis-plus-boot-starter\3.5.1\mybatis-plus-boot-starter-3.5.1.jar;D:\Maven\mvn_repo\com\baomidou\mybatis-plus\3.5.1\mybatis-plus-3.5.1.jar;D:\Maven\mvn_repo\com\baomidou\mybatis-plus-extension\3.5.1\mybatis-plus-extension-3.5.1.jar;D:\Maven\mvn_repo\com\baomidou\mybatis-plus-core\3.5.1\mybatis-plus-core-3.5.1.jar;D:\Maven\mvn_repo\com\baomidou\mybatis-plus-annotation\3.5.1\mybatis-plus-annotation-3.5.1.jar;D:\Maven\mvn_repo\org\springframework\boot\spring-boot-autoconfigure\3.2.4\spring-boot-autoconfigure-3.2.4.jar;D:\Maven\mvn_repo\com\github\pagehelper\pagehelper-spring-boot-starter\1.4.6\pagehelper-spring-boot-starter-1.4.6.jar;D:\Maven\mvn_repo\com\github\pagehelper\pagehelper-spring-boot-autoconfigure\1.4.6\pagehelper-spring-boot-autoconfigure-1.4.6.jar;D:\Maven\mvn_repo\com\github\pagehelper\pagehelper\5.3.2\pagehelper-5.3.2.jar;D:\Maven\mvn_repo\com\github\jsqlparser\jsqlparser\4.5\jsqlparser-4.5.jar;"/>
    <property name="sun.cpu.endian" value="little"/>
    <property name="user.home" value="C:\Users\1"/>
    <property name="user.language" value="zh"/>
    <property name="java.specification.vendor" value="Oracle Corporation"/>
    <property name="java.version.date" value="2024-01-16"/>
    <property name="java.home" value="C:\Program Files\Amazon Corretto\jdk17.0.10_7"/>
    <property name="file.separator" value="\"/>
    <property name="basedir" value="C:\Users\1\IdeaProjects\CriticalSkills"/>
    <property name="java.vm.compressedOopsMode" value="32-bit"/>
    <property name="line.separator" value="&#10;"/>
    <property name="java.vm.specification.vendor" value="Oracle Corporation"/>
    <property name="java.specification.name" value="Java Platform API Specification"/>
    <property name="FILE_LOG_CHARSET" value="GBK"/>
    <property name="java.awt.headless" value="true"/>
    <property name="surefire.real.class.path" value="C:\Users\1\AppData\Local\Temp\surefire4105787578924997741\surefirebooter-20240507173438736_3.jar"/>
    <property name="user.script" value=""/>
    <property name="sun.management.compiler" value="HotSpot 64-Bit Tiered Compilers"/>
    <property name="java.runtime.version" value="17.0.10+7-LTS"/>
    <property name="user.name" value="1"/>
    <property name="path.separator" value=";"/>
    <property name="os.version" value="10.0"/>
    <property name="java.runtime.name" value="OpenJDK Runtime Environment"/>
    <property name="file.encoding" value="GBK"/>
    <property name="java.vm.name" value="OpenJDK 64-Bit Server VM"/>
    <property name="java.vendor.version" value="Corretto-17.0.10.7.1"/>
    <property name="localRepository" value="D:\Maven\mvn_repo"/>
    <property name="java.vendor.url.bug" value="https://github.com/corretto/corretto-17/issues/"/>
    <property name="java.io.tmpdir" value="C:\Users\1\AppData\Local\Temp\"/>
    <property name="idea.version" value="2024.1"/>
    <property name="com.zaxxer.hikari.pool_number" value="1"/>
    <property name="java.version" value="17.0.10"/>
    <property name="user.dir" value="C:\Users\1\IdeaProjects\CriticalSkills"/>
    <property name="os.arch" value="amd64"/>
    <property name="java.vm.specification.name" value="Java Virtual Machine Specification"/>
    <property name="PID" value="22760"/>
    <property name="sun.os.patch.level" value=""/>
    <property name="CONSOLE_LOG_CHARSET" value="GBK"/>
    <property name="native.encoding" value="GBK"/>
    <property name="java.library.path" value="C:\Program Files\Amazon Corretto\jdk17.0.10_7\bin;C:\WINDOWS\Sun\Java\bin;C:\WINDOWS\system32;C:\WINDOWS;C:\Program Files\Amazon Corretto\jdk17.0.10_7\bin;C:\Program Files\Common Files\Oracle\Java\javapath;C:\Windows\system32;C:\Windows;C:\Windows\System32\Wbem;C:\Windows\System32\WindowsPowerShell\v1.0\;C:\Windows\System32\OpenSSH\;C:\Program Files (x86)\NVIDIA Corporation\PhysX\Common;C:\Program Files\NVIDIA Corporation\NVIDIA NvDLISR;C:\WINDOWS\system32;C:\WINDOWS;C:\WINDOWS\System32\Wbem;C:\WINDOWS\System32\WindowsPowerShell\v1.0\;C:\WINDOWS\System32\OpenSSH\;C:\Program Files\MySQL\MySQL Server 8.0\bin;C:\Program Files\nodejs\;C:\Program Files\Amazon Corretto\jdk17.0.10_7\bin;%MAVEN%\bin;D:\Docker\docker;D:\Git\cmd;C:\Program Files\MySQL\MySQL Shell 8.0\bin\;D:\Microsoft VS Code\bin;C:\Users\1\AppData\Roaming\npm;C:\Users\1\AppData\Local\GitHubDesktop\bin;D:\IntelliJ IDEA 2024.1\bin;;."/>
    <property name="java.vm.info" value="mixed mode, sharing"/>
    <property name="java.vendor" value="Amazon.com Inc."/>
    <property name="java.vm.version" value="17.0.10+7-LTS"/>
    <property name="sun.io.unicode.encoding" value="UnicodeLittle"/>
    <property name="maven.repo.local" value="D:\Maven\mvn_repo"/>
    <property name="java.class.version" value="61.0"/>
  </properties>
  <testcase name="contextLoads" classname="com.equestria.criticalskills.criticalskills.CriticalSkillsApplicationTests" time="1.374">
    <system-out><![CDATA[17:34:39.705 [main] INFO org.springframework.test.context.support.AnnotationConfigContextLoaderUtils -- Could not detect default configuration classes for test class [com.equestria.criticalskills.criticalskills.CriticalSkillsApplicationTests]: CriticalSkillsApplicationTests does not declare any static, non-private, non-final, nested classes annotated with @Configuration.
17:34:39.830 [main] INFO org.springframework.boot.test.context.SpringBootTestContextBootstrapper -- Found @SpringBootConfiguration com.equestria.criticalskills.criticalskills.CriticalSkillsApplication for test class com.equestria.criticalskills.criticalskills.CriticalSkillsApplicationTests

  .   ____          _            __ _ _
 /\\ / ___'_ __ _ _(_)_ __  __ _ \ \ \ \
( ( )\___ | '_ | '_| | '_ \/ _` | \ \ \ \
 \\/  ___)| |_)| | | | | || (_| |  ) ) ) )
  '  |____| .__|_| |_|_| |_\__, | / / / /
 =========|_|==============|___/=/_/_/_/
 :: Spring Boot ::                (v3.2.4)

2024-05-07T17:34:40.379+08:00  INFO 22760 --- [           main] c.e.c.c.CriticalSkillsApplicationTests   : Starting CriticalSkillsApplicationTests using Java 17.0.10 with PID 22760 (started by 1 in C:\Users\1\IdeaProjects\CriticalSkills)
2024-05-07T17:34:40.394+08:00  INFO 22760 --- [           main] c.e.c.c.CriticalSkillsApplicationTests   : No active profile set, falling back to 1 default profile: "default"
2024-05-07T17:34:41.152+08:00  INFO 22760 --- [           main] .s.d.r.c.RepositoryConfigurationDelegate : Multiple Spring Data modules found, entering strict repository configuration mode
2024-05-07T17:34:41.167+08:00  INFO 22760 --- [           main] .s.d.r.c.RepositoryConfigurationDelegate : Bootstrapping Spring Data Redis repositories in DEFAULT mode.
2024-05-07T17:34:41.184+08:00  INFO 22760 --- [           main] .s.d.r.c.RepositoryConfigurationDelegate : Finished Spring Data repository scanning in 12 ms. Found 0 Redis repository interfaces.
2024-05-07T17:34:41.499+08:00  WARN 22760 --- [           main] trationDelegate$BeanPostProcessorChecker : Bean 'org.springframework.ws.config.annotation.DelegatingWsConfiguration' of type [org.springframework.ws.config.annotation.DelegatingWsConfiguration$$SpringCGLIB$$0] is not eligible for getting processed by all BeanPostProcessors (for example: not eligible for auto-proxying). The currently created BeanPostProcessor [annotationActionEndpointMapping] is declared through a non-static factory method on that class; consider declaring it as static instead.
2024-05-07T17:34:41.562+08:00  INFO 22760 --- [           main] .w.s.a.s.AnnotationActionEndpointMapping : Supporting [WS-Addressing August 2004, WS-Addressing 1.0]
2024-05-07T17:34:43.093+08:00  INFO 22760 --- [           main] c.e.c.c.CriticalSkillsApplicationTests   : Started CriticalSkillsApplicationTests in 3.073 seconds (process running for 4.202)
2024-05-07T17:34:44.041+08:00  INFO 22760 --- [           main] com.zaxxer.hikari.HikariDataSource       : HikariPool-1 - Starting...
2024-05-07T17:34:44.420+08:00  INFO 22760 --- [           main] com.zaxxer.hikari.pool.HikariPool        : HikariPool-1 - Added connection com.mysql.cj.jdbc.ConnectionImpl@786cc1df
2024-05-07T17:34:44.420+08:00  INFO 22760 --- [           main] com.zaxxer.hikari.HikariDataSource       : HikariPool-1 - Start completed.
UserInfo(username=test, age=88, gender=88, birthDate=null, email=test, phone=test, qq=null, avator=test, province=null, city=null, createTime=null, updateTime=null)
]]></system-out>
  </testcase>
</testsuite>